26-01-08 10:27:04 Connexion :error .PDOException: SQLSTATE[42S22]: Column not found: 1054 Unknown column 'deleteTheme' in 'where clause' in C:\xampp\htdocs\MaBagnole_v2\app\model\Theme.php:137
Stack trace:
#0 C:\xampp\htdocs\MaBagnole_v2\app\model\Theme.php(137): PDOStatement->execute()
#1 C:\xampp\htdocs\MaBagnole_v2\app\view\admin_themes.php(13): app\model\Theme::getAllTheme()
#2 {main}
26-01-08 10:27:05 Connexion :error .PDOException: SQLSTATE[42S22]: Column not found: 1054 Unknown column 'deleteTheme' in 'where clause' in C:\xampp\htdocs\MaBagnole_v2\app\model\Theme.php:137
Stack trace:
#0 C:\xampp\htdocs\MaBagnole_v2\app\model\Theme.php(137): PDOStatement->execute()
#1 C:\xampp\htdocs\MaBagnole_v2\app\view\admin_themes.php(13): app\model\Theme::getAllTheme()
#2 {main}
26-01-08 10:27:18 Connexion :error .PDOException: SQLSTATE[42S22]: Column not found: 1054 Unknown column 'deleteTheme' in 'where clause' in C:\xampp\htdocs\MaBagnole_v2\app\model\Theme.php:137
Stack trace:
#0 C:\xampp\htdocs\MaBagnole_v2\app\model\Theme.php(137): PDOStatement->execute()
#1 C:\xampp\htdocs\MaBagnole_v2\app\view\admin_themes.php(13): app\model\Theme::getAllTheme()
#2 {main}
26-01-08 10:27:19 Connexion :error .PDOException: SQLSTATE[42S22]: Column not found: 1054 Unknown column 'deleteTheme' in 'where clause' in C:\xampp\htdocs\MaBagnole_v2\app\model\Theme.php:137
Stack trace:
#0 C:\xampp\htdocs\MaBagnole_v2\app\model\Theme.php(137): PDOStatement->execute()
#1 C:\xampp\htdocs\MaBagnole_v2\app\view\admin_themes.php(13): app\model\Theme::getAllTheme()
#2 {main}
26-01-08 10:27:19 Connexion :error .PDOException: SQLSTATE[42S22]: Column not found: 1054 Unknown column 'deleteTheme' in 'where clause' in C:\xampp\htdocs\MaBagnole_v2\app\model\Theme.php:137
Stack trace:
#0 C:\xampp\htdocs\MaBagnole_v2\app\model\Theme.php(137): PDOStatement->execute()
#1 C:\xampp\htdocs\MaBagnole_v2\app\view\admin_themes.php(13): app\model\Theme::getAllTheme()
#2 {main}
26-01-08 10:27:19 Connexion :error .PDOException: SQLSTATE[42S22]: Column not found: 1054 Unknown column 'deleteTheme' in 'where clause' in C:\xampp\htdocs\MaBagnole_v2\app\model\Theme.php:137
Stack trace:
#0 C:\xampp\htdocs\MaBagnole_v2\app\model\Theme.php(137): PDOStatement->execute()
#1 C:\xampp\htdocs\MaBagnole_v2\app\view\admin_themes.php(13): app\model\Theme::getAllTheme()
#2 {main}
26-01-08 10:27:19 Connexion :error .PDOException: SQLSTATE[42S22]: Column not found: 1054 Unknown column 'deleteTheme' in 'where clause' in C:\xampp\htdocs\MaBagnole_v2\app\model\Theme.php:137
Stack trace:
#0 C:\xampp\htdocs\MaBagnole_v2\app\model\Theme.php(137): PDOStatement->execute()
#1 C:\xampp\htdocs\MaBagnole_v2\app\view\admin_themes.php(13): app\model\Theme::getAllTheme()
#2 {main}
26-01-08 10:27:20 Connexion :error .PDOException: SQLSTATE[42S22]: Column not found: 1054 Unknown column 'deleteTheme' in 'where clause' in C:\xampp\htdocs\MaBagnole_v2\app\model\Theme.php:137
Stack trace:
#0 C:\xampp\htdocs\MaBagnole_v2\app\model\Theme.php(137): PDOStatement->execute()
#1 C:\xampp\htdocs\MaBagnole_v2\app\view\admin_themes.php(13): app\model\Theme::getAllTheme()
#2 {main}
26-01-08 10:27:20 Connexion :error .PDOException: SQLSTATE[42S22]: Column not found: 1054 Unknown column 'deleteTheme' in 'where clause' in C:\xampp\htdocs\MaBagnole_v2\app\model\Theme.php:137
Stack trace:
#0 C:\xampp\htdocs\MaBagnole_v2\app\model\Theme.php(137): PDOStatement->execute()
#1 C:\xampp\htdocs\MaBagnole_v2\app\view\admin_themes.php(13): app\model\Theme::getAllTheme()
#2 {main}
26-01-08 10:27:20 Connexion :error .PDOException: SQLSTATE[42S22]: Column not found: 1054 Unknown column 'deleteTheme' in 'where clause' in C:\xampp\htdocs\MaBagnole_v2\app\model\Theme.php:137
Stack trace:
#0 C:\xampp\htdocs\MaBagnole_v2\app\model\Theme.php(137): PDOStatement->execute()
#1 C:\xampp\htdocs\MaBagnole_v2\app\view\admin_themes.php(13): app\model\Theme::getAllTheme()
#2 {main}
