26-01-16 10:20:53 Connexion :error .PDOException: SQLSTATE[HY000] [2002] Aucune connexion n’a pu être établie car l’ordinateur cible l’a expressément refusée in C:\xampp\htdocs\MaBagnole_v3_MVC\app\model\Connexion.php:20
Stack trace:
#0 C:\xampp\htdocs\MaBagnole_v3_MVC\app\model\Connexion.php(20): PDO->__construct('mysql:host=loca...', 'root', Object(SensitiveParameterValue))
#1 C:\xampp\htdocs\MaBagnole_v3_MVC\app\model\Connexion.php(31): app\model\Connexion->__construct()
#2 C:\xampp\htdocs\MaBagnole_v3_MVC\app\model\Vehicule.php(303): app\model\Connexion::connect()
#3 C:\xampp\htdocs\MaBagnole_v3_MVC\app\view\favorites.php(18): app\model\Vehicule->getVehiculesFavorisByClient(24)
#4 C:\xampp\htdocs\MaBagnole_v3_MVC\app\controller\FavoritesController.php(21): require_once('C:\\xampp\\htdocs...')
#5 [internal function]: app\controller\FavoritesController->index()
#6 C:\xampp\htdocs\MaBagnole_v3_MVC\core\Router.php(27): call_user_func_array(Array, Array)
#7 C:\xampp\htdocs\MaBagnole_v3_MVC\index.php(17): core\Router->run()
#8 {main}
26-01-16 10:20:57 Connexion :error .PDOException: SQLSTATE[HY000] [2002] Aucune connexion n’a pu être établie car l’ordinateur cible l’a expressément refusée in C:\xampp\htdocs\MaBagnole_v3_MVC\app\model\Connexion.php:20
Stack trace:
#0 C:\xampp\htdocs\MaBagnole_v3_MVC\app\model\Connexion.php(20): PDO->__construct('mysql:host=loca...', 'root', Object(SensitiveParameterValue))
#1 C:\xampp\htdocs\MaBagnole_v3_MVC\app\model\Connexion.php(31): app\model\Connexion->__construct()
#2 C:\xampp\htdocs\MaBagnole_v3_MVC\app\model\Vehicule.php(268): app\model\Connexion::connect()
#3 C:\xampp\htdocs\MaBagnole_v3_MVC\app\controller\HomeController.php(62): app\model\Vehicule->getAllVehicules()
#4 [internal function]: app\controller\HomeController->index()
#5 C:\xampp\htdocs\MaBagnole_v3_MVC\core\Router.php(27): call_user_func_array(Array, Array)
#6 C:\xampp\htdocs\MaBagnole_v3_MVC\index.php(17): core\Router->run()
#7 {main}
26-01-16 10:21:07 Connexion :error .PDOException: SQLSTATE[HY000] [2002] Aucune connexion n’a pu être établie car l’ordinateur cible l’a expressément refusée in C:\xampp\htdocs\MaBagnole_v3_MVC\app\model\Connexion.php:20
Stack trace:
#0 C:\xampp\htdocs\MaBagnole_v3_MVC\app\model\Connexion.php(20): PDO->__construct('mysql:host=loca...', 'root', Object(SensitiveParameterValue))
#1 C:\xampp\htdocs\MaBagnole_v3_MVC\app\model\Connexion.php(31): app\model\Connexion->__construct()
#2 C:\xampp\htdocs\MaBagnole_v3_MVC\app\model\Vehicule.php(303): app\model\Connexion::connect()
#3 C:\xampp\htdocs\MaBagnole_v3_MVC\app\view\favorites.php(18): app\model\Vehicule->getVehiculesFavorisByClient(24)
#4 C:\xampp\htdocs\MaBagnole_v3_MVC\app\controller\FavoritesController.php(21): require_once('C:\\xampp\\htdocs...')
#5 [internal function]: app\controller\FavoritesController->index()
#6 C:\xampp\htdocs\MaBagnole_v3_MVC\core\Router.php(27): call_user_func_array(Array, Array)
#7 C:\xampp\htdocs\MaBagnole_v3_MVC\index.php(17): core\Router->run()
#8 {main}
26-01-16 10:21:11 Connexion :error .PDOException: SQLSTATE[HY000] [2002] Aucune connexion n’a pu être établie car l’ordinateur cible l’a expressément refusée in C:\xampp\htdocs\MaBagnole_v3_MVC\app\model\Connexion.php:20
Stack trace:
#0 C:\xampp\htdocs\MaBagnole_v3_MVC\app\model\Connexion.php(20): PDO->__construct('mysql:host=loca...', 'root', Object(SensitiveParameterValue))
#1 C:\xampp\htdocs\MaBagnole_v3_MVC\app\model\Connexion.php(31): app\model\Connexion->__construct()
#2 C:\xampp\htdocs\MaBagnole_v3_MVC\app\model\Vehicule.php(268): app\model\Connexion::connect()
#3 C:\xampp\htdocs\MaBagnole_v3_MVC\app\controller\HomeController.php(62): app\model\Vehicule->getAllVehicules()
#4 [internal function]: app\controller\HomeController->index()
#5 C:\xampp\htdocs\MaBagnole_v3_MVC\core\Router.php(27): call_user_func_array(Array, Array)
#6 C:\xampp\htdocs\MaBagnole_v3_MVC\index.php(17): core\Router->run()
#7 {main}
26-01-16 10:21:25 Connexion :error .PDOException: SQLSTATE[HY000] [2002] Aucune connexion n’a pu être établie car l’ordinateur cible l’a expressément refusée in C:\xampp\htdocs\MaBagnole_v3_MVC\app\model\Connexion.php:20
Stack trace:
#0 C:\xampp\htdocs\MaBagnole_v3_MVC\app\model\Connexion.php(20): PDO->__construct('mysql:host=loca...', 'root', Object(SensitiveParameterValue))
#1 C:\xampp\htdocs\MaBagnole_v3_MVC\app\model\Connexion.php(31): app\model\Connexion->__construct()
#2 C:\xampp\htdocs\MaBagnole_v3_MVC\app\model\Reservation.php(223): app\model\Connexion::connect()
#3 C:\xampp\htdocs\MaBagnole_v3_MVC\app\controller\ReservationsController.php(42): app\model\Reservation->getResrvationByIdClient(24)
#4 [internal function]: app\controller\ReservationsController->index()
#5 C:\xampp\htdocs\MaBagnole_v3_MVC\core\Router.php(27): call_user_func_array(Array, Array)
#6 C:\xampp\htdocs\MaBagnole_v3_MVC\index.php(17): core\Router->run()
#7 {main}
26-01-16 10:22:13 Connexion :error .PDOException: SQLSTATE[HY000] [2002] Aucune connexion n’a pu être établie car l’ordinateur cible l’a expressément refusée in C:\xampp\htdocs\MaBagnole_v3_MVC\app\model\Connexion.php:20
Stack trace:
#0 C:\xampp\htdocs\MaBagnole_v3_MVC\app\model\Connexion.php(20): PDO->__construct('mysql:host=loca...', 'root', Object(SensitiveParameterValue))
#1 C:\xampp\htdocs\MaBagnole_v3_MVC\app\model\Connexion.php(31): app\model\Connexion->__construct()
#2 C:\xampp\htdocs\MaBagnole_v3_MVC\app\model\Vehicule.php(303): app\model\Connexion::connect()
#3 C:\xampp\htdocs\MaBagnole_v3_MVC\app\view\favorites.php(18): app\model\Vehicule->getVehiculesFavorisByClient(24)
#4 C:\xampp\htdocs\MaBagnole_v3_MVC\app\controller\FavoritesController.php(21): require_once('C:\\xampp\\htdocs...')
#5 [internal function]: app\controller\FavoritesController->index()
#6 C:\xampp\htdocs\MaBagnole_v3_MVC\core\Router.php(27): call_user_func_array(Array, Array)
#7 C:\xampp\htdocs\MaBagnole_v3_MVC\index.php(17): core\Router->run()
#8 {main}
26-01-16 10:22:18 Connexion :error .PDOException: SQLSTATE[HY000] [2002] Aucune connexion n’a pu être établie car l’ordinateur cible l’a expressément refusée in C:\xampp\htdocs\MaBagnole_v3_MVC\app\model\Connexion.php:20
Stack trace:
#0 C:\xampp\htdocs\MaBagnole_v3_MVC\app\model\Connexion.php(20): PDO->__construct('mysql:host=loca...', 'root', Object(SensitiveParameterValue))
#1 C:\xampp\htdocs\MaBagnole_v3_MVC\app\model\Connexion.php(31): app\model\Connexion->__construct()
#2 C:\xampp\htdocs\MaBagnole_v3_MVC\app\model\Vehicule.php(268): app\model\Connexion::connect()
#3 C:\xampp\htdocs\MaBagnole_v3_MVC\app\controller\HomeController.php(62): app\model\Vehicule->getAllVehicules()
#4 [internal function]: app\controller\HomeController->index()
#5 C:\xampp\htdocs\MaBagnole_v3_MVC\core\Router.php(27): call_user_func_array(Array, Array)
#6 C:\xampp\htdocs\MaBagnole_v3_MVC\index.php(17): core\Router->run()
#7 {main}
26-01-16 10:22:28 Connexion :error .PDOException: SQLSTATE[HY000] [2002] Aucune connexion n’a pu être établie car l’ordinateur cible l’a expressément refusée in C:\xampp\htdocs\MaBagnole_v3_MVC\app\model\Connexion.php:20
Stack trace:
#0 C:\xampp\htdocs\MaBagnole_v3_MVC\app\model\Connexion.php(20): PDO->__construct('mysql:host=loca...', 'root', Object(SensitiveParameterValue))
#1 C:\xampp\htdocs\MaBagnole_v3_MVC\app\model\Connexion.php(31): app\model\Connexion->__construct()
#2 C:\xampp\htdocs\MaBagnole_v3_MVC\app\model\Vehicule.php(268): app\model\Connexion::connect()
#3 C:\xampp\htdocs\MaBagnole_v3_MVC\app\controller\HomeController.php(62): app\model\Vehicule->getAllVehicules()
#4 [internal function]: app\controller\HomeController->index()
#5 C:\xampp\htdocs\MaBagnole_v3_MVC\core\Router.php(27): call_user_func_array(Array, Array)
#6 C:\xampp\htdocs\MaBagnole_v3_MVC\index.php(17): core\Router->run()
#7 {main}
26-01-16 10:22:33 Connexion :error .PDOException: SQLSTATE[HY000] [2002] Aucune connexion n’a pu être établie car l’ordinateur cible l’a expressément refusée in C:\xampp\htdocs\MaBagnole_v3_MVC\app\model\Connexion.php:20
Stack trace:
#0 C:\xampp\htdocs\MaBagnole_v3_MVC\app\model\Connexion.php(20): PDO->__construct('mysql:host=loca...', 'root', Object(SensitiveParameterValue))
#1 C:\xampp\htdocs\MaBagnole_v3_MVC\app\model\Connexion.php(31): app\model\Connexion->__construct()
#2 C:\xampp\htdocs\MaBagnole_v3_MVC\app\model\Vehicule.php(268): app\model\Connexion::connect()
#3 C:\xampp\htdocs\MaBagnole_v3_MVC\app\controller\HomeController.php(62): app\model\Vehicule->getAllVehicules()
#4 [internal function]: app\controller\HomeController->index()
#5 C:\xampp\htdocs\MaBagnole_v3_MVC\core\Router.php(27): call_user_func_array(Array, Array)
#6 C:\xampp\htdocs\MaBagnole_v3_MVC\index.php(17): core\Router->run()
#7 {main}
26-01-16 10:23:02 Connexion :error .PDOException: SQLSTATE[HY000] [2002] Aucune connexion n’a pu être établie car l’ordinateur cible l’a expressément refusée in C:\xampp\htdocs\MaBagnole_v3_MVC\app\model\Connexion.php:20
Stack trace:
#0 C:\xampp\htdocs\MaBagnole_v3_MVC\app\model\Connexion.php(20): PDO->__construct('mysql:host=loca...', 'root', Object(SensitiveParameterValue))
#1 C:\xampp\htdocs\MaBagnole_v3_MVC\app\model\Connexion.php(31): app\model\Connexion->__construct()
#2 C:\xampp\htdocs\MaBagnole_v3_MVC\app\model\Vehicule.php(268): app\model\Connexion::connect()
#3 C:\xampp\htdocs\MaBagnole_v3_MVC\app\controller\HomeController.php(62): app\model\Vehicule->getAllVehicules()
#4 [internal function]: app\controller\HomeController->index()
#5 C:\xampp\htdocs\MaBagnole_v3_MVC\core\Router.php(27): call_user_func_array(Array, Array)
#6 C:\xampp\htdocs\MaBagnole_v3_MVC\index.php(17): core\Router->run()
#7 {main}
26-01-16 10:24:13 Connexion :error .PDOException: SQLSTATE[HY000] [2002] Aucune connexion n’a pu être établie car l’ordinateur cible l’a expressément refusée in C:\xampp\htdocs\MaBagnole_v3_MVC\app\model\Connexion.php:20
Stack trace:
#0 C:\xampp\htdocs\MaBagnole_v3_MVC\app\model\Connexion.php(20): PDO->__construct('mysql:host=loca...', 'root', Object(SensitiveParameterValue))
#1 C:\xampp\htdocs\MaBagnole_v3_MVC\app\model\Connexion.php(31): app\model\Connexion->__construct()
#2 C:\xampp\htdocs\MaBagnole_v3_MVC\app\model\Vehicule.php(268): app\model\Connexion::connect()
#3 C:\xampp\htdocs\MaBagnole_v3_MVC\app\controller\HomeController.php(62): app\model\Vehicule->getAllVehicules()
#4 [internal function]: app\controller\HomeController->index()
#5 C:\xampp\htdocs\MaBagnole_v3_MVC\core\Router.php(27): call_user_func_array(Array, Array)
#6 C:\xampp\htdocs\MaBagnole_v3_MVC\index.php(17): core\Router->run()
#7 {main}
26-01-16 10:24:48 Connexion :error .PDOException: SQLSTATE[HY000] [2002] Aucune connexion n’a pu être établie car l’ordinateur cible l’a expressément refusée in C:\xampp\htdocs\MaBagnole_v3_MVC\app\model\Connexion.php:20
Stack trace:
#0 C:\xampp\htdocs\MaBagnole_v3_MVC\app\model\Connexion.php(20): PDO->__construct('mysql:host=loca...', 'root', Object(SensitiveParameterValue))
#1 C:\xampp\htdocs\MaBagnole_v3_MVC\app\model\Connexion.php(31): app\model\Connexion->__construct()
#2 C:\xampp\htdocs\MaBagnole_v3_MVC\app\model\Vehicule.php(268): app\model\Connexion::connect()
#3 C:\xampp\htdocs\MaBagnole_v3_MVC\app\controller\HomeController.php(62): app\model\Vehicule->getAllVehicules()
#4 [internal function]: app\controller\HomeController->index()
#5 C:\xampp\htdocs\MaBagnole_v3_MVC\core\Router.php(27): call_user_func_array(Array, Array)
#6 C:\xampp\htdocs\MaBagnole_v3_MVC\index.php(17): core\Router->run()
#7 {main}
26-01-16 10:25:04 Connexion :error .PDOException: SQLSTATE[HY000] [2002] Aucune connexion n’a pu être établie car l’ordinateur cible l’a expressément refusée in C:\xampp\htdocs\MaBagnole_v3_MVC\app\model\Connexion.php:20
Stack trace:
#0 C:\xampp\htdocs\MaBagnole_v3_MVC\app\model\Connexion.php(20): PDO->__construct('mysql:host=loca...', 'root', Object(SensitiveParameterValue))
#1 C:\xampp\htdocs\MaBagnole_v3_MVC\app\model\Connexion.php(31): app\model\Connexion->__construct()
#2 C:\xampp\htdocs\MaBagnole_v3_MVC\app\model\Vehicule.php(250): app\model\Connexion::connect()
#3 C:\xampp\htdocs\MaBagnole_v3_MVC\app\controller\HomeController.php(69): app\model\Vehicule->getVehiculeById(9)
#4 [internal function]: app\controller\HomeController->show(9)
#5 C:\xampp\htdocs\MaBagnole_v3_MVC\core\Router.php(27): call_user_func_array(Array, Array)
#6 C:\xampp\htdocs\MaBagnole_v3_MVC\index.php(17): core\Router->run()
#7 {main}
26-01-16 10:25:12 Connexion :error .PDOException: SQLSTATE[HY000] [2002] Aucune connexion n’a pu être établie car l’ordinateur cible l’a expressément refusée in C:\xampp\htdocs\MaBagnole_v3_MVC\app\model\Connexion.php:20
Stack trace:
#0 C:\xampp\htdocs\MaBagnole_v3_MVC\app\model\Connexion.php(20): PDO->__construct('mysql:host=loca...', 'root', Object(SensitiveParameterValue))
#1 C:\xampp\htdocs\MaBagnole_v3_MVC\app\model\Connexion.php(31): app\model\Connexion->__construct()
#2 C:\xampp\htdocs\MaBagnole_v3_MVC\app\model\Vehicule.php(268): app\model\Connexion::connect()
#3 C:\xampp\htdocs\MaBagnole_v3_MVC\app\controller\HomeController.php(62): app\model\Vehicule->getAllVehicules()
#4 [internal function]: app\controller\HomeController->index()
#5 C:\xampp\htdocs\MaBagnole_v3_MVC\core\Router.php(27): call_user_func_array(Array, Array)
#6 C:\xampp\htdocs\MaBagnole_v3_MVC\index.php(17): core\Router->run()
#7 {main}
