26-01-04 11:34:54 Connexion :error .PDOException: SQLSTATE[42S22]: Column not found: 1054 Unknown column 'lieu' in 'field list' in C:\xampp\htdocs\MaBagnole\app\model\Reservation.php:140
Stack trace:
#0 C:\xampp\htdocs\MaBagnole\app\model\Reservation.php(140): PDOStatement->execute()
#1 C:\xampp\htdocs\MaBagnole\app\controler\ClientControler.php(101): app\model\Reservation->ajouterReservation()
#2 C:\xampp\htdocs\MaBagnole\app\controler\ClientControler.php(36): app\controler\ClientControler->gestionReservation()
#3 C:\xampp\htdocs\MaBagnole\app\controler\ClientControler.php(132): app\controler\ClientControler->index()
#4 {main}
26-01-04 12:23:22 Connexion :error .PDOException: SQLSTATE[23000]: Integrity constraint violation: 1452 Cannot add or update a child row: a foreign key constraint fails (`mabagnole`.`vehicules`, CONSTRAINT `vehicules_ibfk_1` FOREIGN KEY (`idCategorie`) REFERENCES `categories` (`idCategorie`)) in C:\xampp\htdocs\MaBagnole\app\model\Vehicule.php:197
Stack trace:
#0 C:\xampp\htdocs\MaBagnole\app\model\Vehicule.php(197): PDOStatement->execute()
#1 C:\xampp\htdocs\MaBagnole\app\controler\AdminControler.php(116): app\model\Vehicule->ajouterVehicule()
#2 C:\xampp\htdocs\MaBagnole\app\controler\AdminControler.php(33): app\controler\AdminControler->importVehicules()
#3 C:\xampp\htdocs\MaBagnole\app\controler\AdminControler.php(185): app\controler\AdminControler->index()
#4 {main}
26-01-04 12:23:22 Connexion :error .PDOException: SQLSTATE[23000]: Integrity constraint violation: 1452 Cannot add or update a child row: a foreign key constraint fails (`mabagnole`.`vehicules`, CONSTRAINT `vehicules_ibfk_1` FOREIGN KEY (`idCategorie`) REFERENCES `categories` (`idCategorie`)) in C:\xampp\htdocs\MaBagnole\app\model\Vehicule.php:197
Stack trace:
#0 C:\xampp\htdocs\MaBagnole\app\model\Vehicule.php(197): PDOStatement->execute()
#1 C:\xampp\htdocs\MaBagnole\app\controler\AdminControler.php(116): app\model\Vehicule->ajouterVehicule()
#2 C:\xampp\htdocs\MaBagnole\app\controler\AdminControler.php(33): app\controler\AdminControler->importVehicules()
#3 C:\xampp\htdocs\MaBagnole\app\controler\AdminControler.php(185): app\controler\AdminControler->index()
#4 {main}
26-01-04 12:23:22 Connexion :error .PDOException: SQLSTATE[23000]: Integrity constraint violation: 1452 Cannot add or update a child row: a foreign key constraint fails (`mabagnole`.`vehicules`, CONSTRAINT `vehicules_ibfk_1` FOREIGN KEY (`idCategorie`) REFERENCES `categories` (`idCategorie`)) in C:\xampp\htdocs\MaBagnole\app\model\Vehicule.php:197
Stack trace:
#0 C:\xampp\htdocs\MaBagnole\app\model\Vehicule.php(197): PDOStatement->execute()
#1 C:\xampp\htdocs\MaBagnole\app\controler\AdminControler.php(116): app\model\Vehicule->ajouterVehicule()
#2 C:\xampp\htdocs\MaBagnole\app\controler\AdminControler.php(33): app\controler\AdminControler->importVehicules()
#3 C:\xampp\htdocs\MaBagnole\app\controler\AdminControler.php(185): app\controler\AdminControler->index()
#4 {main}
26-01-04 12:23:22 Connexion :error .PDOException: SQLSTATE[23000]: Integrity constraint violation: 1452 Cannot add or update a child row: a foreign key constraint fails (`mabagnole`.`vehicules`, CONSTRAINT `vehicules_ibfk_1` FOREIGN KEY (`idCategorie`) REFERENCES `categories` (`idCategorie`)) in C:\xampp\htdocs\MaBagnole\app\model\Vehicule.php:197
Stack trace:
#0 C:\xampp\htdocs\MaBagnole\app\model\Vehicule.php(197): PDOStatement->execute()
#1 C:\xampp\htdocs\MaBagnole\app\controler\AdminControler.php(116): app\model\Vehicule->ajouterVehicule()
#2 C:\xampp\htdocs\MaBagnole\app\controler\AdminControler.php(33): app\controler\AdminControler->importVehicules()
#3 C:\xampp\htdocs\MaBagnole\app\controler\AdminControler.php(185): app\controler\AdminControler->index()
#4 {main}
26-01-04 12:23:22 Connexion :error .PDOException: SQLSTATE[23000]: Integrity constraint violation: 1452 Cannot add or update a child row: a foreign key constraint fails (`mabagnole`.`vehicules`, CONSTRAINT `vehicules_ibfk_1` FOREIGN KEY (`idCategorie`) REFERENCES `categories` (`idCategorie`)) in C:\xampp\htdocs\MaBagnole\app\model\Vehicule.php:197
Stack trace:
#0 C:\xampp\htdocs\MaBagnole\app\model\Vehicule.php(197): PDOStatement->execute()
#1 C:\xampp\htdocs\MaBagnole\app\controler\AdminControler.php(116): app\model\Vehicule->ajouterVehicule()
#2 C:\xampp\htdocs\MaBagnole\app\controler\AdminControler.php(33): app\controler\AdminControler->importVehicules()
#3 C:\xampp\htdocs\MaBagnole\app\controler\AdminControler.php(185): app\controler\AdminControler->index()
#4 {main}
26-01-04 12:23:22 Connexion :error .PDOException: SQLSTATE[23000]: Integrity constraint violation: 1452 Cannot add or update a child row: a foreign key constraint fails (`mabagnole`.`vehicules`, CONSTRAINT `vehicules_ibfk_1` FOREIGN KEY (`idCategorie`) REFERENCES `categories` (`idCategorie`)) in C:\xampp\htdocs\MaBagnole\app\model\Vehicule.php:197
Stack trace:
#0 C:\xampp\htdocs\MaBagnole\app\model\Vehicule.php(197): PDOStatement->execute()
#1 C:\xampp\htdocs\MaBagnole\app\controler\AdminControler.php(116): app\model\Vehicule->ajouterVehicule()
#2 C:\xampp\htdocs\MaBagnole\app\controler\AdminControler.php(33): app\controler\AdminControler->importVehicules()
#3 C:\xampp\htdocs\MaBagnole\app\controler\AdminControler.php(185): app\controler\AdminControler->index()
#4 {main}
26-01-04 12:23:28 Connexion :error .PDOException: SQLSTATE[23000]: Integrity constraint violation: 1452 Cannot add or update a child row: a foreign key constraint fails (`mabagnole`.`vehicules`, CONSTRAINT `vehicules_ibfk_1` FOREIGN KEY (`idCategorie`) REFERENCES `categories` (`idCategorie`)) in C:\xampp\htdocs\MaBagnole\app\model\Vehicule.php:197
Stack trace:
#0 C:\xampp\htdocs\MaBagnole\app\model\Vehicule.php(197): PDOStatement->execute()
#1 C:\xampp\htdocs\MaBagnole\app\controler\AdminControler.php(116): app\model\Vehicule->ajouterVehicule()
#2 C:\xampp\htdocs\MaBagnole\app\controler\AdminControler.php(33): app\controler\AdminControler->importVehicules()
#3 C:\xampp\htdocs\MaBagnole\app\controler\AdminControler.php(185): app\controler\AdminControler->index()
#4 {main}
26-01-04 12:23:28 Connexion :error .PDOException: SQLSTATE[23000]: Integrity constraint violation: 1452 Cannot add or update a child row: a foreign key constraint fails (`mabagnole`.`vehicules`, CONSTRAINT `vehicules_ibfk_1` FOREIGN KEY (`idCategorie`) REFERENCES `categories` (`idCategorie`)) in C:\xampp\htdocs\MaBagnole\app\model\Vehicule.php:197
Stack trace:
#0 C:\xampp\htdocs\MaBagnole\app\model\Vehicule.php(197): PDOStatement->execute()
#1 C:\xampp\htdocs\MaBagnole\app\controler\AdminControler.php(116): app\model\Vehicule->ajouterVehicule()
#2 C:\xampp\htdocs\MaBagnole\app\controler\AdminControler.php(33): app\controler\AdminControler->importVehicules()
#3 C:\xampp\htdocs\MaBagnole\app\controler\AdminControler.php(185): app\controler\AdminControler->index()
#4 {main}
26-01-04 12:23:28 Connexion :error .PDOException: SQLSTATE[23000]: Integrity constraint violation: 1452 Cannot add or update a child row: a foreign key constraint fails (`mabagnole`.`vehicules`, CONSTRAINT `vehicules_ibfk_1` FOREIGN KEY (`idCategorie`) REFERENCES `categories` (`idCategorie`)) in C:\xampp\htdocs\MaBagnole\app\model\Vehicule.php:197
Stack trace:
#0 C:\xampp\htdocs\MaBagnole\app\model\Vehicule.php(197): PDOStatement->execute()
#1 C:\xampp\htdocs\MaBagnole\app\controler\AdminControler.php(116): app\model\Vehicule->ajouterVehicule()
#2 C:\xampp\htdocs\MaBagnole\app\controler\AdminControler.php(33): app\controler\AdminControler->importVehicules()
#3 C:\xampp\htdocs\MaBagnole\app\controler\AdminControler.php(185): app\controler\AdminControler->index()
#4 {main}
26-01-04 12:23:28 Connexion :error .PDOException: SQLSTATE[23000]: Integrity constraint violation: 1452 Cannot add or update a child row: a foreign key constraint fails (`mabagnole`.`vehicules`, CONSTRAINT `vehicules_ibfk_1` FOREIGN KEY (`idCategorie`) REFERENCES `categories` (`idCategorie`)) in C:\xampp\htdocs\MaBagnole\app\model\Vehicule.php:197
Stack trace:
#0 C:\xampp\htdocs\MaBagnole\app\model\Vehicule.php(197): PDOStatement->execute()
#1 C:\xampp\htdocs\MaBagnole\app\controler\AdminControler.php(116): app\model\Vehicule->ajouterVehicule()
#2 C:\xampp\htdocs\MaBagnole\app\controler\AdminControler.php(33): app\controler\AdminControler->importVehicules()
#3 C:\xampp\htdocs\MaBagnole\app\controler\AdminControler.php(185): app\controler\AdminControler->index()
#4 {main}
26-01-04 12:23:28 Connexion :error .PDOException: SQLSTATE[23000]: Integrity constraint violation: 1452 Cannot add or update a child row: a foreign key constraint fails (`mabagnole`.`vehicules`, CONSTRAINT `vehicules_ibfk_1` FOREIGN KEY (`idCategorie`) REFERENCES `categories` (`idCategorie`)) in C:\xampp\htdocs\MaBagnole\app\model\Vehicule.php:197
Stack trace:
#0 C:\xampp\htdocs\MaBagnole\app\model\Vehicule.php(197): PDOStatement->execute()
#1 C:\xampp\htdocs\MaBagnole\app\controler\AdminControler.php(116): app\model\Vehicule->ajouterVehicule()
#2 C:\xampp\htdocs\MaBagnole\app\controler\AdminControler.php(33): app\controler\AdminControler->importVehicules()
#3 C:\xampp\htdocs\MaBagnole\app\controler\AdminControler.php(185): app\controler\AdminControler->index()
#4 {main}
26-01-04 12:23:28 Connexion :error .PDOException: SQLSTATE[23000]: Integrity constraint violation: 1452 Cannot add or update a child row: a foreign key constraint fails (`mabagnole`.`vehicules`, CONSTRAINT `vehicules_ibfk_1` FOREIGN KEY (`idCategorie`) REFERENCES `categories` (`idCategorie`)) in C:\xampp\htdocs\MaBagnole\app\model\Vehicule.php:197
Stack trace:
#0 C:\xampp\htdocs\MaBagnole\app\model\Vehicule.php(197): PDOStatement->execute()
#1 C:\xampp\htdocs\MaBagnole\app\controler\AdminControler.php(116): app\model\Vehicule->ajouterVehicule()
#2 C:\xampp\htdocs\MaBagnole\app\controler\AdminControler.php(33): app\controler\AdminControler->importVehicules()
#3 C:\xampp\htdocs\MaBagnole\app\controler\AdminControler.php(185): app\controler\AdminControler->index()
#4 {main}
26-01-04 12:24:02 Connexion :error .PDOException: SQLSTATE[23000]: Integrity constraint violation: 1452 Cannot add or update a child row: a foreign key constraint fails (`mabagnole`.`vehicules`, CONSTRAINT `vehicules_ibfk_1` FOREIGN KEY (`idCategorie`) REFERENCES `categories` (`idCategorie`)) in C:\xampp\htdocs\MaBagnole\app\model\Vehicule.php:197
Stack trace:
#0 C:\xampp\htdocs\MaBagnole\app\model\Vehicule.php(197): PDOStatement->execute()
#1 C:\xampp\htdocs\MaBagnole\app\controler\AdminControler.php(116): app\model\Vehicule->ajouterVehicule()
#2 C:\xampp\htdocs\MaBagnole\app\controler\AdminControler.php(33): app\controler\AdminControler->importVehicules()
#3 C:\xampp\htdocs\MaBagnole\app\controler\AdminControler.php(185): app\controler\AdminControler->index()
#4 {main}
26-01-04 12:29:12 Connexion :error .PDOException: SQLSTATE[23000]: Integrity constraint violation: 1452 Cannot add or update a child row: a foreign key constraint fails (`mabagnole`.`vehicules`, CONSTRAINT `vehicules_ibfk_1` FOREIGN KEY (`idCategorie`) REFERENCES `categories` (`idCategorie`)) in C:\xampp\htdocs\MaBagnole\app\model\Vehicule.php:197
Stack trace:
#0 C:\xampp\htdocs\MaBagnole\app\model\Vehicule.php(197): PDOStatement->execute()
#1 C:\xampp\htdocs\MaBagnole\app\controler\AdminControler.php(116): app\model\Vehicule->ajouterVehicule()
#2 C:\xampp\htdocs\MaBagnole\app\controler\AdminControler.php(33): app\controler\AdminControler->importVehicules()
#3 C:\xampp\htdocs\MaBagnole\app\controler\AdminControler.php(185): app\controler\AdminControler->index()
#4 {main}
26-01-04 12:29:45 Connexion :error .PDOException: SQLSTATE[23000]: Integrity constraint violation: 1452 Cannot add or update a child row: a foreign key constraint fails (`mabagnole`.`vehicules`, CONSTRAINT `vehicules_ibfk_1` FOREIGN KEY (`idCategorie`) REFERENCES `categories` (`idCategorie`)) in C:\xampp\htdocs\MaBagnole\app\model\Vehicule.php:197
Stack trace:
#0 C:\xampp\htdocs\MaBagnole\app\model\Vehicule.php(197): PDOStatement->execute()
#1 C:\xampp\htdocs\MaBagnole\app\controler\AdminControler.php(116): app\model\Vehicule->ajouterVehicule()
#2 C:\xampp\htdocs\MaBagnole\app\controler\AdminControler.php(33): app\controler\AdminControler->importVehicules()
#3 C:\xampp\htdocs\MaBagnole\app\controler\AdminControler.php(185): app\controler\AdminControler->index()
#4 {main}
26-01-04 12:46:09 Connexion :error .PDOException: SQLSTATE[45000]: <<Unknown error>>: 1644 La date de début iinférieure la date de fin. in C:\xampp\htdocs\MaBagnole\app\model\Reservation.php:140
Stack trace:
#0 C:\xampp\htdocs\MaBagnole\app\model\Reservation.php(140): PDOStatement->execute()
#1 C:\xampp\htdocs\MaBagnole\app\controler\ClientControler.php(101): app\model\Reservation->ajouterReservation()
#2 C:\xampp\htdocs\MaBagnole\app\controler\ClientControler.php(36): app\controler\ClientControler->gestionReservation()
#3 C:\xampp\htdocs\MaBagnole\app\controler\ClientControler.php(132): app\controler\ClientControler->index()
#4 {main}
26-01-04 01:40:12 Connexion :error .PDOException: SQLSTATE[23000]: Integrity constraint violation: 1452 Cannot add or update a child row: a foreign key constraint fails (`mabagnole`.`reservations`, CONSTRAINT `reservations_ibfk_2` FOREIGN KEY (`idClient`) REFERENCES `utilisateurs` (`idUtilisateur`)) in C:\xampp\htdocs\MaBagnole\app\model\Reservation.php:140
Stack trace:
#0 C:\xampp\htdocs\MaBagnole\app\model\Reservation.php(140): PDOStatement->execute()
#1 C:\xampp\htdocs\MaBagnole\app\controler\ClientControler.php(103): app\model\Reservation->ajouterReservation()
#2 C:\xampp\htdocs\MaBagnole\app\controler\ClientControler.php(36): app\controler\ClientControler->gestionReservation()
#3 C:\xampp\htdocs\MaBagnole\app\controler\ClientControler.php(150): app\controler\ClientControler->index()
#4 {main}
26-01-04 01:40:26 Connexion :error .PDOException: SQLSTATE[23000]: Integrity constraint violation: 1452 Cannot add or update a child row: a foreign key constraint fails (`mabagnole`.`reservations`, CONSTRAINT `reservations_ibfk_2` FOREIGN KEY (`idClient`) REFERENCES `utilisateurs` (`idUtilisateur`)) in C:\xampp\htdocs\MaBagnole\app\model\Reservation.php:140
Stack trace:
#0 C:\xampp\htdocs\MaBagnole\app\model\Reservation.php(140): PDOStatement->execute()
#1 C:\xampp\htdocs\MaBagnole\app\controler\ClientControler.php(103): app\model\Reservation->ajouterReservation()
#2 C:\xampp\htdocs\MaBagnole\app\controler\ClientControler.php(36): app\controler\ClientControler->gestionReservation()
#3 C:\xampp\htdocs\MaBagnole\app\controler\ClientControler.php(150): app\controler\ClientControler->index()
#4 {main}
26-01-04 04:01:10 Connexion :error .InvalidArgumentException: ID client invalide in C:\xampp\htdocs\MaBagnole\app\model\Favori.php:29
Stack trace:
#0 C:\xampp\htdocs\MaBagnole\app\controler\ClientControler.php(78): app\model\Favori->setIdClient(0)
#1 C:\xampp\htdocs\MaBagnole\app\controler\ClientControler.php(32): app\controler\ClientControler->gestionFavoris()
#2 C:\xampp\htdocs\MaBagnole\app\controler\ClientControler.php(166): app\controler\ClientControler->index()
#3 {main}
26-01-04 04:01:46 Connexion :error .InvalidArgumentException: ID client invalide in C:\xampp\htdocs\MaBagnole\app\model\Favori.php:29
Stack trace:
#0 C:\xampp\htdocs\MaBagnole\app\controler\ClientControler.php(78): app\model\Favori->setIdClient(0)
#1 C:\xampp\htdocs\MaBagnole\app\controler\ClientControler.php(32): app\controler\ClientControler->gestionFavoris()
#2 C:\xampp\htdocs\MaBagnole\app\controler\ClientControler.php(166): app\controler\ClientControler->index()
#3 {main}
26-01-04 04:02:15 Connexion :error .InvalidArgumentException: ID client invalide in C:\xampp\htdocs\MaBagnole\app\model\Favori.php:29
Stack trace:
#0 C:\xampp\htdocs\MaBagnole\app\controler\ClientControler.php(78): app\model\Favori->setIdClient(0)
#1 C:\xampp\htdocs\MaBagnole\app\controler\ClientControler.php(32): app\controler\ClientControler->gestionFavoris()
#2 C:\xampp\htdocs\MaBagnole\app\controler\ClientControler.php(166): app\controler\ClientControler->index()
#3 {main}
26-01-04 04:15:56 Connexion :error .InvalidArgumentException: ID client invalide in C:\xampp\htdocs\MaBagnole\app\model\Favori.php:29
Stack trace:
#0 C:\xampp\htdocs\MaBagnole\app\controler\ClientControler.php(78): app\model\Favori->setIdClient(0)
#1 C:\xampp\htdocs\MaBagnole\app\controler\ClientControler.php(32): app\controler\ClientControler->gestionFavoris()
#2 C:\xampp\htdocs\MaBagnole\app\controler\ClientControler.php(166): app\controler\ClientControler->index()
#3 {main}
26-01-04 04:16:03 Connexion :error .InvalidArgumentException: ID client invalide in C:\xampp\htdocs\MaBagnole\app\model\Favori.php:29
Stack trace:
#0 C:\xampp\htdocs\MaBagnole\app\controler\ClientControler.php(78): app\model\Favori->setIdClient(0)
#1 C:\xampp\htdocs\MaBagnole\app\controler\ClientControler.php(32): app\controler\ClientControler->gestionFavoris()
#2 C:\xampp\htdocs\MaBagnole\app\controler\ClientControler.php(166): app\controler\ClientControler->index()
#3 {main}
